Sep 18 20:00 : exception: RTIOThread could not get realtime scheduling, continuing anyway: sched_setscheduler failed: Operation not permitted
Sep 18 20:00 : exception: OutputThread could not get realtime scheduling, continuing anyway: sched_setscheduler failed: Operation not permitted
Sep 18 20:00 : update: added /OneRepublic - Rich Love.mp3
Sep 18 20:00 : update: added /Astrid S - Think Before I Talk.mp3
Sep 18 20:00 : update: added /5 Seconds Of Summer - Youngblood.mp3
Sep 18 20:00 : update: added /Iyaz - Replay.mp3
Sep 18 20:00 : update: added /Ed Sheeran - Perfect.mp3
Sep 18 20:00 : update: added /Ruben - Walls.mp3
Sep 18 20:00 : update: added /Davaï - Replay.mp3
Sep 18 20:00 : update: added /G-Eazy - No Limit.mp3
Sep 18 20:00 : update: added /Jonas Blue - Rise.mp3
Sep 18 20:00 : update: added /Pitbull - International Love.mp3
Sep 18 20:00 : update: added /Maggie Lindemann - Pretty Girl.mp3
Sep 18 20:00 : update: added /Rag'n'Bone Man - Skin.mp3
Sep 18 20:00 : update: added /Kygo - Stargazing.mp3
Sep 18 20:00 : update: added /El Gringo - Sound of Snowflakes.mp3
Sep 18 20:00 : update: added /NF - Let You Down.mp3
Sep 18 20:00 : update: added /Amber Run - I Found.mp3
Sep 18 20:00 : update: added /Soph - Pelsjakka.mp3
Sep 18 20:00 : update: added /Freddy Kalas - Jovial.mp3
Sep 18 20:00 : update: added /Bonnie Tyler - Total Eclipse of the Heart.mp3
Sep 18 20:00 : update: added /Timmy Trumpet - Freaks (Radio Edit).mp3
Sep 18 20:00 : update: added /Dean Lewis - Waves.mp3
Sep 18 20:00 : update: added /Shahmen - Mark.mp3
Sep 18 20:00 : update: added /Vigiland - Pong Dance.mp3
Sep 18 20:00 : update: added /Rudimental - These Days (feat. Jess Glynne, Macklemore & Dan Caplen).mp3
Sep 18 20:00 : update: added /Staysman & Lazz - Om 100 år er allting glemt.mp3
Sep 18 20:00 : update: added /Adele - When We Were Young.mp3
Sep 18 20:00 : update: added /Ariana Grande - no tears left to cry.mp3
Sep 18 20:00 : update: added /Dua Lipa - IDGAF.mp3
Sep 18 20:00 : update: added /Ina Wroldsen - Strongest.mp3
Sep 18 20:00 : update: added /Flo Rida - Wild Ones (feat. Sia).mp3
Sep 18 20:00 : update: added /Imagine Dragons - Whatever It Takes.mp3
Sep 18 20:00 : update: added /Tix - Shotgun.mp3
Sep 18 20:00 : update: added /Metallica - Nothing Else Matters.mp3
Sep 18 20:00 : update: added /Alan Walker - Ignite.mp3
Sep 18 20:00 : update: added /ItaloBrothers - Summer Air.mp3
Sep 18 20:00 : update: added /Axwell  Ingrosso - More Than You Know.mp3
Sep 18 20:00 : update: added /Mike Perry - Stay Young.mp3
Sep 18 20:00 : update: added /Calvin Harris - My Way.mp3
Sep 18 20:00 : update: added /Eminem - The Monster.mp3
Sep 18 20:00 : update: added /Post Malone - Psycho.mp3
Sep 18 20:00 : update: added /Clean Bandit - Rockabye (feat. Sean Paul & Anne-Marie).mp3
Sep 18 20:00 : update: added /Katy Perry - Swish Swish.mp3
Sep 18 20:00 : update: added /Alan Walker - The Spectre.mp3
Sep 18 20:00 : update: added /Metallica - The Unforgiven.mp3
Sep 18 20:00 : update: added /Clean Bandit - Symphony (feat. Zara Larsson).mp3
Sep 18 20:00 : update: added /Maroon 5 - Girls Like You.mp3
Sep 18 20:00 : update: added /Pitbull - Timber.mp3
Sep 18 20:00 : update: added /Macklemore - Thrift Shop (feat. Wanz).mp3
Sep 18 20:00 : update: added /Klingande - Pumped Up.mp3
Sep 18 20:00 : update: added /Kygo - Remind Me to Forget.mp3
Sep 18 20:00 : update: added /Kelly Clarkson - Stronger (What Doesn't Kill You).mp3
Sep 18 20:00 : update: added /Weezer - Mexican Fender.mp3
Sep 18 20:00 : update: added /Tix - Versace 2017.mp3
Sep 18 20:00 : update: added /KSHMR - Invisible Children.mp3
Sep 18 20:00 : update: added /Lauv - I Like Me Better.mp3
Sep 18 20:00 : update: added /ZEDD - Stay.mp3
Sep 18 20:00 : update: added /Benislav - Opa Bratan.mp3
Sep 18 20:00 : update: added /Taylor Swift - Look What You Made Me Do.mp3
Sep 18 20:00 : update: added /The Chainsmokers - Something Just Like This.mp3
Sep 18 20:00 : update: added /Martin Garrix - Ocean.mp3
Sep 18 20:00 : update: added /X Ambassadors - Renegades.mp3
Sep 18 20:00 : update: added /Big Shaq - Man's Not Hot.mp3
Sep 18 20:00 : update: added /Taylor Swift - I Knew You Were Trouble..mp3
Sep 18 20:00 : update: added /Avril Lavigne - Sk8er Boi.mp3
Sep 18 20:00 : update: added /Alan Walker - Tired.mp3
Sep 18 20:00 : update: added /Mike Perry - The Ocean.mp3
Sep 18 20:00 : update: added /Jokeasses - Зын Зын.mp3
Sep 18 20:00 : update: added /Sophie Elise - Next Summer.mp3
Sep 18 20:00 : update: added /Katy Perry - Roar.mp3
Sep 18 20:00 : update: added /Roxette - Fading Like A Flower.mp3
Sep 18 20:00 : update: added /Sam Smith - Too Good At Goodbyes.mp3
Sep 18 20:00 : update: added /Ksi - Lamborghini.mp3
Sep 18 20:00 : update: added /Marshmello - Silence.mp3
Sep 18 20:00 : update: added /Bad Wolves - Zombie.mp3
Sep 18 20:00 : update: added /Haider Raja - Krispy Kreme 2018.mp3
Sep 18 20:00 : update: added /Passenger - Let Her Go.mp3
Sep 18 20:00 : update: added /Post Malone - rockstar.mp3
Sep 18 20:00 : update: added /Desiigner - Panda.mp3
Sep 18 20:00 : update: added /Astrid S - Such A Boy.mp3
Sep 18 20:00 : update: added /RebMoe - I Don't Speak French.mp3
Sep 18 20:00 : update: added /Imagine Dragons - Thunder.mp3
Sep 18 20:00 : update: added /Dua Lipa - New Rules (Alison Wonderland Remix).mp3
Sep 18 20:00 : update: added /Jonas Blue - Mama.mp3
Sep 18 20:00 : update: added /TheFatRat - Monody (feat. Laura Brehm).mp3
Sep 18 20:00 : update: added /Nirvana - Smells Like Teen Spirit.mp3
Sep 18 20:00 : update: added /Mr. Probz - Waves (Robin Schulz Radio Edit).mp3
Sep 18 20:00 : update: added /Cardi B - Bodak Yellow.mp3
Sep 18 20:00 : update: added /Childish Gambino - This Is America.mp3
Sep 18 20:00 : update: added /Future - Mask Off (Remix).mp3
Sep 18 20:00 : update: added /Dynoro - In My Mind.mp3
Sep 18 20:00 : update: added /Cardi B - I Like It.mp3
Sep 18 20:00 : update: added /M.I.A. - Paper Planes.mp3
Sep 18 20:00 : update: added /Sia - The Greatest.mp3
Sep 18 20:00 : update: added /David Guetta - Like I Do.mp3
Sep 18 20:00 : update: added /R3hab - Lullaby.mp3
Sep 18 20:00 : update: added /Bebe Rexha - Meant to Be (feat. Florida Georgia Line).mp3
Sep 18 20:00 : client: [0] opened from 127.0.0.1:44328
Sep 18 20:00 : exception: Stored playlists are disabled
Sep 18 20:01 : exception: OutputThread could not get realtime scheduling, continuing anyway: sched_setscheduler failed: Operation not permitted
Sep 18 20:02 : client: [0] closed
Sep 18 20:09 : client: [1] opened from 127.0.0.1:44358
Sep 18 20:13 : exception: Stored playlists are disabled
Sep 18 20:15 : exception: Stored playlists are disabled
Sep 18 20:18 : client: [1] closed
Sep 18 20:18 : client: [2] opened from 127.0.0.1:44558
Sep 18 20:20 : client: [2] closed
Sep 18 20:21 : client: [3] opened from 127.0.0.1:44640
Sep 18 20:22 : client: [3] closed
Sep 18 20:25 : player: played "Astrid S - Such A Boy.mp3"
Sep 18 20:30 : player: played "Amber Run - I Found.mp3"
Sep 18 20:32 : player: played "El Gringo - Sound of Snowflakes.mp3"
Sep 18 20:35 : player: played "Benislav - Opa Bratan.mp3"
Sep 18 20:38 : player: played "X Ambassadors - Renegades.mp3"
Sep 18 20:41 : player: played "Davaï - Replay.mp3"
Sep 18 20:42 : client: [4] opened from 127.0.0.1:44670
Sep 18 20:45 : player: played "OneRepublic - Rich Love.mp3"
Sep 18 20:46 : exception: Stored playlists are disabled
Sep 18 20:48 : client: [4] closed
Sep 18 20:50 : player: played "Flo Rida - Wild Ones (feat. Sia).mp3"
Sep 18 20:53 : player: played "Rudimental - These Days (feat. Jess Glynne, Macklemore & Dan Caplen).mp3"
Sep 18 20:56 : player: played "Bebe Rexha - Meant to Be (feat. Florida Georgia Line).mp3"
